INFO:__main__:Namespace(adjust_interval=4, batch_size=1, batches_per_chunk=48, checkpointing=False, envs=['lava', 'obstacle', 'box_to_ball', 'door', 'wall'], eval_batch_size=1, eval_batches_per_step=5, init='random', l2_coeff=0.01, learning_rate=0.01, log_file='poet_mini/poet_poet_fixstate_std_small_norm/logs', lr_decay=0.9999, lr_limit=0.001, master_seed=24582922, max_num_envs=15, mc_lower=-20, mc_upper=70, n_iterations=50000, noise_decay=0.999, noise_limit=0.01, noise_std=0.01, normalize_grads_by_noise_std=True, num_workers=8, propose_with_adam=True, repro_threshold=-10.0, returns_normalization='centered_ranks', start_from=None, steps_before_transfer=25, stochastic=True)
INFO:poet_distributed.noise:Sampling 250000000 random numbers with seed 42
INFO:poet_distributed.noise:Sampled 1000000000 bytes
INFO:poet_distributed.logger:Creating data logger at poet_mini/poet_poet_fixstate_std_small_norm/logs/logs.default_env.log
INFO:poet_distributed.es:Optimizer default_env created!
INFO:poet_distributed.noise:Sampling 250000000 random numbers with seed 42
INFO:poet_distributed.noise:Sampling 250000000 random numbers with seed 42
INFO:poet_distributed.noise:Sampling 250000000 random numbers with seed 42
INFO:poet_distributed.noise:Sampling 250000000 random numbers with seed 42
INFO:poet_distributed.noise:Sampling 250000000 random numbers with seed 42
INFO:poet_distributed.noise:Sampling 250000000 random numbers with seed 42
INFO:poet_distributed.noise:Sampling 250000000 random numbers with seed 42
INFO:poet_distributed.noise:Sampling 250000000 random numbers with seed 42
INFO:poet_distributed.noise:Sampled 1000000000 bytes
INFO:poet_distributed.noise:Sampled 1000000000 bytes
INFO:poet_distributed.noise:Sampled 1000000000 bytes
INFO:poet_distributed.noise:Sampled 1000000000 bytes
INFO:poet_distributed.noise:Sampled 1000000000 bytes
INFO:poet_distributed.noise:Sampled 1000000000 bytes
INFO:poet_distributed.noise:Sampled 1000000000 bytes
INFO:poet_distributed.noise:Sampled 1000000000 bytes
