INFO:__main__:Namespace(adjust_interval=4, batch_size=1, batches_per_chunk=48, checkpointing=False, envs=['lava', 'obstacle', 'box_to_ball', 'door', 'wall'], eval_batch_size=1, eval_batches_per_step=5, init='random', l2_coeff=0.01, learning_rate=0.01, log_file='poet_mini/poet_kmn/logs', lr_decay=0.9999, lr_limit=0.001, master_seed=24582922, max_num_envs=15, mc_lower=-20, mc_upper=70, n_iterations=50000, noise_decay=0.999, noise_limit=0.01, noise_std=0.01, normalize_grads_by_noise_std=True, num_workers=8, propose_with_adam=True, repro_threshold=-10.0, returns_normalization='centered_ranks', start_from=None, steps_before_transfer=25, stochastic=True)
INFO:poet_distributed.noise:Sampling 250000000 random numbers with seed 42
INFO:poet_distributed.noise:Sampled 1000000000 bytes
INFO:poet_distributed.logger:Creating data logger at poet_mini/poet_kmn/logs/logs.default_env.log
INFO:poet_distributed.es:Optimizer default_env created!
INFO:poet_distributed.noise:Sampling 250000000 random numbers with seed 42
INFO:poet_distributed.noise:Sampling 250000000 random numbers with seed 42
INFO:poet_distributed.noise:Sampling 250000000 random numbers with seed 42
INFO:poet_distributed.noise:Sampling 250000000 random numbers with seed 42
INFO:poet_distributed.noise:Sampling 250000000 random numbers with seed 42
INFO:poet_distributed.noise:Sampling 250000000 random numbers with seed 42
INFO:poet_distributed.noise:Sampling 250000000 random numbers with seed 42
INFO:poet_distributed.noise:Sampling 250000000 random numbers with seed 42
INFO:poet_distributed.noise:Sampled 1000000000 bytes
INFO:poet_distributed.noise:Sampled 1000000000 bytes
INFO:poet_distributed.noise:Sampled 1000000000 bytes
INFO:poet_distributed.noise:Sampled 1000000000 bytes
INFO:poet_distributed.noise:Sampled 1000000000 bytes
INFO:poet_distributed.noise:Sampled 1000000000 bytes
INFO:poet_distributed.noise:Sampled 1000000000 bytes
INFO:poet_distributed.noise:Sampled 1000000000 bytes
INFO:poet_distributed.poet_algo:Iter=0 Optimizer default_env theta_mean -2.030000000000048 best po 88.00000000000001 iteration spent 0
INFO:poet_distributed.logger:{'accept_theta_in_default_env': 'self',
 'episodes_so_far_default_env': 48,
 'episodes_this_step_default_env': 48,
 'eval_len_mean_default_env': 229.6,
 'eval_len_std_default_env': 24.8,
 'eval_n_episodes_default_env': 5,
 'eval_returns_mean_best_in_default_env': None,
 'eval_returns_mean_best_with_ckpt_in_default_env': None,
 'eval_returns_mean_default_env': -2.030000000000048,
 'eval_returns_mean_proposal_from_others_in_default_env': None,
 'eval_returns_mean_theta_from_others_in_default_env': None,
 'eval_returns_median_default_env': -23.150000000000066,
 'eval_returns_std_default_env': 42.74207060964645,
 'grad_norm_default_env': 263913.375,
 'iteration': 0,
 'learning_rate_default_env': 0.009999000000000001,
 'noise_std_default_env': 0.01,
 'po_len_mean_default_env': 226.82291666666666,
 'po_len_std_default_env': 50.99959043782988,
 'po_returns_max_default_env': 88.00000000000001,
 'po_returns_mean_default_env': -17.70260416666672,
 'po_returns_median_default_env': -22.950000000000056,
 'po_returns_min_default_env': -23.85000000000008,
 'po_returns_std_default_env': 21.469706577174808,
 'theta_norm_default_env': 1.194298351407178,
 'time_elapsed_so_far': 2310.4683418273926,
 'time_elapsed_this_step_default_env': 2310.465963602066,
 'timesteps_so_far_default_env': 21775,
 'timesteps_this_step_default_env': 21775,
 'update_ratio_default_env': 1.0109805352750407}
INFO:poet_distributed.poet_algo:Iter=1 Optimizer default_env theta_mean -1.2200000000000457 best po 91.4 iteration spent 1
INFO:poet_distributed.poet_algo:Iter=2 Optimizer default_env theta_mean -22.650000000000063 best po 87.95000000000002 iteration spent 2
INFO:poet_distributed.poet_algo:Iter=3 Optimizer default_env theta_mean -22.85000000000006 best po 88.85000000000002 iteration spent 3
INFO:poet_distributed.poet_algo:Iter=4 Optimizer default_env theta_mean -22.840000000000057 best po 87.70000000000002 iteration spent 4
INFO:poet_distributed.poet_algo:Iter=5 Optimizer default_env theta_mean -22.870000000000065 best po 86.60000000000002 iteration spent 5
INFO:poet_distributed.poet_algo:Iter=6 Optimizer default_env theta_mean -22.830000000000055 best po 94.5 iteration spent 6
INFO:poet_distributed.poet_algo:Iter=7 Optimizer default_env theta_mean 3.7699999999999614 best po 90.80000000000001 iteration spent 7
INFO:poet_distributed.poet_algo:Iter=8 Optimizer default_env theta_mean -1.4300000000000495 best po 86.65000000000002 iteration spent 8
reward -22.550000000000068 timesteps 242
reward -22.350000000000065 timesteps 242
reward -22.550000000000054 timesteps 242
reward -5.45 timesteps 5
reward -23.150000000000084 timesteps 242
reward -23.00000000000006 timesteps 242
reward -23.050000000000065 timesteps 242
reward -22.500000000000057 timesteps 242
reward -23.55000000000008 timesteps 242
reward -23.30000000000006 timesteps 242
reward -22.750000000000064 timesteps 242
reward -22.850000000000062 timesteps 242
reward -22.95000000000006 timesteps 242
reward -23.00000000000006 timesteps 242
reward -22.650000000000066 timesteps 242
reward -23.050000000000065 timesteps 242
reward -22.650000000000055 timesteps 242
reward -16.599999999999984 timesteps 117
reward -23.300000000000093 timesteps 242
reward -22.750000000000053 timesteps 242
reward -23.050000000000068 timesteps 242
reward -22.750000000000075 timesteps 242
reward -23.30000000000007 timesteps 242
reward -22.300000000000065 timesteps 242
reward -22.500000000000053 timesteps 242
reward -23.20000000000005 timesteps 242
reward -22.850000000000055 timesteps 242
reward -22.800000000000065 timesteps 242
reward -22.55000000000006 timesteps 242
reward -23.80000000000007 timesteps 242
reward -23.05000000000007 timesteps 242
reward -7.850000000000001 timesteps 30
reward -22.200000000000056 timesteps 242
reward -16.59999999999998 timesteps 122
reward -22.55000000000005 timesteps 242
reward 88.00000000000001 timesteps 127
reward -22.80000000000007 timesteps 242
reward -22.450000000000077 timesteps 242
reward -23.100000000000072 timesteps 242
reward -23.800000000000058 timesteps 242
reward -23.45000000000007 timesteps 242
reward -22.800000000000054 timesteps 242
reward -23.15000000000006 timesteps 242
reward -23.450000000000074 timesteps 242
reward -23.15000000000006 timesteps 242
reward -22.800000000000065 timesteps 242
reward -23.35000000000006 timesteps 242
reward -22.80000000000005 timesteps 242
reward -23.250000000000075 timesteps 242
reward 84.20000000000002 timesteps 167
reward -22.950000000000056 timesteps 242
reward -22.650000000000063 timesteps 242
reward -22.900000000000066 timesteps 242
reward -23.600000000000055 timesteps 242
reward -22.800000000000068 timesteps 242
reward -23.65000000000006 timesteps 242
reward -23.250000000000057 timesteps 242
reward 84.25000000000003 timesteps 169
reward -5.0 timesteps 0
reward -23.000000000000075 timesteps 242
reward -23.85000000000008 timesteps 242
reward -21.850000000000065 timesteps 242
reward -23.40000000000006 timesteps 242
reward -22.700000000000074 timesteps 242
reward -22.650000000000073 timesteps 242
reward -23.55000000000004 timesteps 242
reward -22.950000000000056 timesteps 242
reward -22.300000000000065 timesteps 242
reward -23.00000000000005 timesteps 242
reward -23.500000000000046 timesteps 242
reward -5.15 timesteps 2
reward -23.40000000000006 timesteps 242
reward -23.250000000000053 timesteps 242
reward -22.700000000000053 timesteps 242
reward -23.000000000000064 timesteps 242
reward -23.50000000000005 timesteps 242
reward -22.800000000000068 timesteps 242
reward -23.850000000000062 timesteps 242
reward -22.650000000000055 timesteps 242
reward -23.050000000000043 timesteps 242
reward 78.74999999999997 timesteps 224
reward -23.850000000000055 timesteps 242
reward -22.65000000000007 timesteps 242
reward -22.85000000000007 timesteps 242
reward -22.700000000000063 timesteps 242
reward -23.000000000000068 timesteps 242
reward -23.150000000000063 timesteps 242
reward -23.45000000000006 timesteps 242
reward -22.600000000000076 timesteps 242
reward -23.200000000000085 timesteps 242
reward -23.250000000000043 timesteps 242
reward -23.00000000000005 timesteps 242
reward -23.000000000000057 timesteps 242
reward -23.700000000000045 timesteps 242
reward -22.550000000000047 timesteps 242
reward -23.100000000000048 timesteps 242
reward -24.200000000000056 timesteps 242
reward -22.800000000000058 timesteps 242
reward -7.050000000000001 timesteps 21
reward -23.050000000000047 timesteps 242
reward -22.900000000000045 timesteps 242
reward -22.950000000000045 timesteps 242
reward -23.35000000000007 timesteps 242
reward -22.900000000000066 timesteps 242
reward -23.000000000000068 timesteps 242
reward -22.950000000000063 timesteps 242
reward 79.84999999999997 timesteps 219
reward -23.15000000000006 timesteps 242
reward -22.950000000000063 timesteps 242
reward -23.000000000000053 timesteps 242
reward -22.650000000000052 timesteps 242
reward -23.150000000000066 timesteps 242
reward -22.750000000000057 timesteps 242
reward -23.25000000000008 timesteps 242
reward -22.800000000000047 timesteps 242
reward -22.950000000000063 timesteps 242
reward -23.100000000000062 timesteps 242
reward -13.349999999999985 timesteps 87
reward -23.200000000000053 timesteps 242
reward -22.75000000000006 timesteps 242
reward -22.800000000000058 timesteps 242
reward -22.40000000000006 timesteps 242
reward -23.450000000000067 timesteps 242
reward -23.700000000000063 timesteps 242
reward -23.300000000000043 timesteps 242
reward -22.450000000000067 timesteps 242
reward -22.650000000000055 timesteps 242
reward -22.70000000000006 timesteps 242
reward -23.60000000000007 timesteps 242
reward -22.850000000000055 timesteps 242
reward -21.849999999999984 timesteps 179
reward -24.05000000000006 timesteps 242
reward -23.20000000000007 timesteps 242
reward 88.85000000000002 timesteps 118
reward -23.200000000000053 timesteps 242
reward 80.24999999999999 timesteps 212
reward -23.150000000000077 timesteps 242
reward -22.55000000000005 timesteps 242
reward -23.25000000000007 timesteps 242
reward 77.69999999999995 timesteps 236
reward -23.20000000000005 timesteps 242
reward -23.450000000000053 timesteps 242
reward -22.40000000000004 timesteps 242
reward -23.650000000000055 timesteps 242
reward 77.24999999999993 timesteps 237
reward -23.20000000000005 timesteps 242
reward -22.60000000000005 timesteps 242
reward -23.000000000000053 timesteps 242
reward -22.85000000000006 timesteps 242
reward -5.65 timesteps 7
reward -23.250000000000075 timesteps 242
reward -23.000000000000046 timesteps 242
reward -23.150000000000073 timesteps 242
reward -22.85000000000007 timesteps 242
reward 81.64999999999998 timesteps 201
reward -23.600000000000037 timesteps 242
reward -22.750000000000046 timesteps 242
reward -22.50000000000007 timesteps 242
reward -23.200000000000067 timesteps 242
reward -23.700000000000056 timesteps 242
reward -22.750000000000064 timesteps 242
reward -22.750000000000064 timesteps 242
reward 87.45000000000002 timesteps 134
reward -22.650000000000066 timesteps 242
reward -7.5 timesteps 26
reward -23.10000000000006 timesteps 242
reward -23.10000000000007 timesteps 242
reward -22.25000000000006 timesteps 242
reward -22.800000000000058 timesteps 242
reward -16.249999999999986 timesteps 118
reward -23.65000000000008 timesteps 242
reward -22.75000000000007 timesteps 242
reward -23.70000000000004 timesteps 242
reward -23.10000000000005 timesteps 242
reward -23.350000000000048 timesteps 242
reward -23.250000000000057 timesteps 242
reward -22.95000000000005 timesteps 242
reward -22.200000000000063 timesteps 242
reward -23.200000000000063 timesteps 242
reward -22.95000000000005 timesteps 242
reward -22.50000000000007 timesteps 242
reward -22.350000000000048 timesteps 242
reward -10.799999999999994 timesteps 60
reward -23.00000000000005 timesteps 242
reward -22.600000000000062 timesteps 242
reward -22.400000000000055 timesteps 242
reward -22.95000000000006 timesteps 242
reward -23.35000000000007 timesteps 242
reward -5.0 timesteps 0
reward -23.150000000000052 timesteps 242
reward -8.450000000000001 timesteps 35
reward -8.850000000000001 timesteps 37
reward -23.300000000000086 timesteps 242
reward -23.00000000000007 timesteps 242
reward -23.400000000000073 timesteps 242
reward 80.64999999999998 timesteps 207
reward 77.64999999999995 timesteps 241
reward -22.950000000000067 timesteps 242
reward -20.599999999999987 timesteps 164
reward 81.19999999999999 timesteps 199
reward -23.050000000000065 timesteps 242
reward -23.250000000000075 timesteps 242
reward -22.800000000000068 timesteps 242
reward -22.40000000000005 timesteps 242
reward -9.45 timesteps 48
rewardINFO:poet_distributed.poet_algo:Iter=9 Optimizer default_env theta_mean 21.459999999999972 best po 89.15000000000002 iteration spent 9
INFO:poet_distributed.poet_algo:Iter=10 Optimizer default_env theta_mean -22.710000000000058 best po 86.95000000000002 iteration spent 10
INFO:poet_distributed.poet_algo:Iter=11 Optimizer default_env theta_mean -23.02000000000006 best po 92.4 iteration spent 11
INFO:poet_distributed.poet_algo:Iter=12 Optimizer default_env theta_mean -16.220000000000034 best po 87.70000000000002 iteration spent 12
INFO:poet_distributed.poet_algo:Iter=13 Optimizer default_env theta_mean -20.190000000000044 best po 89.45000000000002 iteration spent 13
INFO:poet_distributed.poet_algo:Iter=14 Optimizer default_env theta_mean -19.600000000000044 best po 88.50000000000001 iteration spent 14
INFO:poet_distributed.poet_algo:Iter=15 Optimizer default_env theta_mean 19.62999999999996 best po 92.7 iteration spent 15
INFO:poet_distributed.poet_algo:Iter=16 Optimizer default_env theta_mean -2.0200000000000515 best po 86.55000000000001 iteration spent 16
reward -23.000000000000057 timesteps 242
reward -22.950000000000045 timesteps 242
reward -23.300000000000065 timesteps 242
reward -23.10000000000006 timesteps 242
reward -23.000000000000064 timesteps 242
reward -23.200000000000056 timesteps 242
reward -22.500000000000075 timesteps 242
reward 78.84999999999995 timesteps 227
reward -23.100000000000062 timesteps 242
reward -22.850000000000062 timesteps 242
reward 91.4 timesteps 95
reward -23.80000000000007 timesteps 242
reward -23.450000000000045 timesteps 242
reward -22.55000000000006 timesteps 242
reward 86.05000000000003 timesteps 152
reward -23.15000000000007 timesteps 242
reward -22.900000000000055 timesteps 242
reward -22.700000000000077 timesteps 242
reward -23.350000000000048 timesteps 242
reward -22.900000000000045 timesteps 242
reward -22.700000000000063 timesteps 242
reward -23.100000000000055 timesteps 242
reward -23.10000000000007 timesteps 242
reward -22.65000000000006 timesteps 242
reward -23.30000000000006 timesteps 242
reward -22.650000000000066 timesteps 242
reward -22.850000000000076 timesteps 242
reward -22.50000000000006 timesteps 242
reward -22.400000000000063 timesteps 242
reward -23.200000000000053 timesteps 242
reward -22.900000000000066 timesteps 242
reward -23.55000000000007 timesteps 242
reward -23.000000000000057 timesteps 242
reward -22.700000000000067 timesteps 242
reward -23.15000000000006 timesteps 242
reward -22.85000000000006 timesteps 242
reward -23.000000000000057 timesteps 242
reward -23.000000000000053 timesteps 242
reward -22.60000000000005 timesteps 242
reward -23.350000000000072 timesteps 242
reward -23.05000000000007 timesteps 242
reward -22.350000000000062 timesteps 242
reward -23.600000000000076 timesteps 242
reward 78.54999999999995 timesteps 230
reward -22.850000000000044 timesteps 242
reward -22.750000000000068 timesteps 242
reward -22.90000000000006 timesteps 242
reward -22.900000000000066 timesteps 242
reward -23.05000000000004 timesteps 242
reward -23.05000000000006 timesteps 242
reward -22.70000000000006 timesteps 242
reward -22.250000000000057 timesteps 242
reward -23.15000000000006 timesteps 242
reward -22.900000000000073 timesteps 242
reward -23.100000000000065 timesteps 242
reward -23.550000000000068 timesteps 242
reward -23.000000000000075 timesteps 242
reward -22.400000000000063 timesteps 242
reward -23.250000000000068 timesteps 242
reward -23.40000000000008 timesteps 242
reward -23.050000000000068 timesteps 242
reward -23.850000000000062 timesteps 242
reward -23.15000000000007 timesteps 242
reward -22.850000000000065 timesteps 242
reward -23.400000000000055 timesteps 242
reward -23.05000000000005 timesteps 242
reward -6.55 timesteps 15
reward -27.500000000000053 timesteps 240
reward -23.000000000000057 timesteps 242
reward -23.400000000000034 timesteps 242
reward -22.80000000000006 timesteps 242
reward -22.800000000000068 timesteps 242
reward -22.850000000000062 timesteps 242
reward -22.750000000000057 timesteps 242
reward -23.000000000000068 timesteps 242
reward -23.300000000000082 timesteps 242
reward -22.750000000000057 timesteps 242
reward -22.450000000000067 timesteps 242
reward -23.700000000000063 timesteps 242
reward -22.450000000000074 timesteps 242
reward -23.250000000000064 timesteps 242
reward -10.799999999999997 timesteps 61
reward 80.49999999999997 timesteps 208
reward -17.349999999999984 timesteps 133
reward -23.20000000000005 timesteps 242
reward -23.000000000000064 timesteps 242
reward -23.500000000000064 timesteps 242
reward -23.150000000000066 timesteps 242
reward -23.500000000000075 timesteps 242
reward -23.15000000000006 timesteps 242
reward -22.80000000000006 timesteps 242
reward -23.250000000000036 timesteps 242
reward -23.550000000000054 timesteps 242
reward -23.250000000000068 timesteps 242
reward -23.450000000000053 timesteps 242
reward -23.00000000000005 timesteps 242
reward -23.10000000000006 timesteps 242
reward -22.800000000000068 timesteps 242
reward -23.650000000000045 timesteps 242
reward -22.650000000000066 timesteps 242
reward -23.050000000000058 timesteps 242
reward -22.850000000000055 timesteps 242
reward -22.550000000000068 timesteps 242
reward -23.150000000000066 timesteps 242
reward -22.600000000000065 timesteps 242
reward -23.45000000000007 timesteps 242
reward -23.500000000000064 timesteps 242
reward -22.90000000000004 timesteps 242
reward -12.649999999999988 timesteps 82
reward -22.500000000000057 timesteps 242
reward -22.950000000000077 timesteps 242
reward -23.250000000000057 timesteps 242
reward -22.60000000000007 timesteps 242
reward -23.150000000000063 timesteps 242
reward -22.750000000000064 timesteps 242
reward -23.70000000000007 timesteps 242
reward -23.150000000000063 timesteps 242
reward -22.60000000000006 timesteps 242
reward -22.500000000000053 timesteps 242
reward -22.350000000000055 timesteps 242
reward -22.200000000000045 timesteps 242
reward -22.90000000000006 timesteps 242
reward -23.150000000000077 timesteps 242
reward -22.95000000000007 timesteps 242
reward -23.350000000000072 timesteps 242
reward -23.350000000000062 timesteps 242
reward -23.150000000000055 timesteps 242
reward -23.200000000000063 timesteps 242
reward -23.25000000000007 timesteps 242
reward -23.650000000000087 timesteps 242
reward -23.700000000000056 timesteps 242
reward -22.750000000000068 timesteps 242
reward -23.05000000000006 timesteps 242
reward -10.1 timesteps 56
reward -23.250000000000075 timesteps 242
reward -9.000000000000002 timesteps 44
reward -23.250000000000057 timesteps 242
reward -23.150000000000077 timesteps 242
reward -22.30000000000005 timesteps 242
reward -22.950000000000042 timesteps 242
reward -24.750000000000036 timesteps 213
reward -23.40000000000006 timesteps 242
reward -23.100000000000072 timesteps 242
reward -23.050000000000068 timesteps 242
reward -22.950000000000063 timesteps 242
reward -22.20000000000006 timesteps 242
reward -23.050000000000058 timesteps 242
reward -22.600000000000076 timesteps 242
reward -23.900000000000023 timesteps 242
reward -23.05000000000006 timesteps 242
reward -23.450000000000067 timesteps 242
reward -22.200000000000053 timesteps 242
reward -22.800000000000047 timesteps 242
reward -22.150000000000055 timesteps 242
reward -23.450000000000035 timesteps 242
reward -11.049999999999997 timesteps 63
reward -23.950000000000056 timesteps 242
reward -23.25000000000006 timesteps 242
reward -22.900000000000063 timesteps 242
reward -22.950000000000063 timesteps 242
reward -23.150000000000084 timesteps 242
reward -22.350000000000062 timesteps 242
reward -23.20000000000008 timesteps 242
reward -23.400000000000052 timesteps 242
reward -23.050000000000043 timesteps 242
reward -23.100000000000026 timesteps 242
reward -22.450000000000067 timesteps 242
reward -23.20000000000007 timesteps 242
reward -22.400000000000066 timesteps 242
reward -21.900000000000045 timesteps 242
reward -23.10000000000006 timesteps 242
reward -22.65000000000006 timesteps 242
reward -22.65000000000005 timesteps 242
reward -23.350000000000055 timesteps 242
reward -23.10000000000005 timesteps 242
reward -22.600000000000076 timesteps 242
reward -23.30000000000007 timesteps 242
reward -5.1 timesteps 1
reward -6.1 timesteps 11
reward -22.950000000000053 timesteps 242
reward 91.20000000000002 timesteps 95
reward -23.000000000000068 timesteps 242
reward -23.350000000000076 timesteps 242
reward -5.1 timesteps 1
reward -23.250000000000057 timesteps 242
reward -22.400000000000073 timesteps 242
reward -23.30000000000007 timesteps 242
reward -22.400000000000066 timesteps 242
reward -22.20000000000005 timesteps 242
reward -22.55000000000006 timesteps 242
reward -23.150000000000073 timesteps 242
reward -22.45000000000008 timesteps 242
reward -22.50000000000005 timesteps 242
reward -22.55000000000006 timesteps 242
reward -23.15000000000005 timesteps 242
reward -22.350000000000065 timesteps 242
reward -22.500000000000057 timesteps 242
reward -22.50000000000006 timesteps 242
reward -23.700000000000067 timesteps 242
reward -23.400000000000073 timesteps 242
reward -22.950000000000063 timesteps 242
reward -22.000000000000064 timesteps 242
reward 80.64999999999998 timesteps 204
reward -23.70000000000007 timesteps 242
reward -23.250000000000078 timesteps 242
reward -23.10000000000007 timesteps 242
reward -22.100000000000048 timesteps 242
reward -22.150000000000055 timesteps 242
reward -23.450000000000067 timesteps 242
reward -22.60000000000007 timesteps 242
reward -22.950000000000077 timesteps 242
reward -23.000000000000043 timesteps 242
reward -23.450000000000056 timesteps 242
reward -22.40000000000006 timesteps 242
reward -23.45000000000008 timesteps 242
reward -22.400000000000073 timesteps 242
reward -22.750000000000057 timesteps 242
reward -23.250000000000068 timesteps 242
reward -11.299999999999994 timesteps 67
reward -22.90000000000008 timesteps 242
reward 77.84999999999994 timesteps 232
reward -23.000000000000046 timesteps 242
reward -23.800000000000054 timesteps 242
reward -22.550000000000075 timesteps 242
reward -22.900000000000055 timesteps 242
reward -22.950000000000063 timesteps 242
reward -22.250000000000043 timesteps 242
reward -22.85000000000006 timesteps 242
reward -22.950000000000074 timesteps 242
reward -23.000000000000068 timesteps 242
reward -22.950000000000077 timesteps 242
reward -22.800000000000047 timesteps 242
reward -22.350000000000037 timesteps 242
reward -23.80000000000007 timesteps 242
reward -22.450000000000063 timesteps 242
reward -23.100000000000065 timesteps 242
reward -22.850000000000065 timesteps 242
reward -22.60000000000007 timesteps 242
reward -22.950000000000074 timesteps 242
reward -23.200000000000074 timesteps 242
reward -22.700000000000053 timesteps 242
reward -22.650000000000066 timesteps 242
reward -23.750000000000064 timesteps 242
reward -23.100000000000076 timesteps 242
reward -23.350000000000076 timesteps 242
reward -23.25000000000006 timesteps 242
reward -22.350000000000048 timesteps 242
reward -16.44999999999999 timesteps 123
reward -23.150000000000066 timesteps 242
reward -15.349999999999985 timesteps 110
reward -23.700000000000067 timesteps 242
reward -23.75000000000006 timesteps 242
reward -22.25000000000006 timesteps 242
reward 87.70000000000002 timesteps 133
reward -22.70000000000005 timesteps 242
reward -23.150000000000063 timesteps 242
reward -27.750000000000043 timesteps 240
reward -22.90000000000007 timesteps 242
reward -23.100000000000072 timesteps 242
reward -22.650000000000066 timesteps 242
reward -22.950000000000063 timesteps 242
reward -22.100000000000062 timesteps 242
reward -22.90000000000007 timesteps 242
reward -22.600000000000062 timesteps 242
reward -22.500000000000064 timesteps 242
reward -23.300000000000054 timesteps 242
reward -22.450000000000056 timesteps 242
reward -22.80000000000006 timesteps 242
reward -23.65000000000008 timesteps 242
reward -22.50000000000005 timesteps 242
reward -23.45000000000006 timesteps 242
reward -22.85000000000006 timesteps 242
reward -22.550000000000054 timesteps 242
reward -23.550000000000075 timesteps 242
reward -22.75000000000007 timesteps 242
reward -22.800000000000065 timesteps 242
reward -23.500000000000057 timesteps 242
reward -22.750000000000053 timesteps 242
reward -23.050000000000054 timesteps 242
reward -22.800000000000043 timesteps 242
reward -23.000000000000078 timesteps 242
reward -23.250000000000078 timesteps 242
reward -22.60000000000006 timesteps 242
reward -23.300000000000054 timesteps 242
reward -23.100000000000055 timesteps 242
reward -22.85000000000005 timesteps 242
reward -22.900000000000045 timesteps 242
reward -23.750000000000092 timesteps 242
reward 90.80000000000001 timesteps 97
reward -22.950000000000067 timesteps 242
reward -22.75000000000006 timesteps 242
reward 80.79999999999997 timesteps 207
reward -5.2 timesteps 3
reward -22.550000000000058 timesteps 242
reward -22.600000000000065 timesteps 242
reward -23.500000000000064 timesteps 242
reward -22.40000000000006 timesteps 242
reward -22.95000000000007 timesteps 242
reward -23.100000000000055 timesteps 242
reward -22.85000000000007 timesteps 242
reward -23.400000000000045 timesteps 242
reward -22.750000000000064 timesteps 242
reward -23.65000000000007 timesteps 242
reward -22.300000000000054 timesteps 242
reward -23.60000000000007 timesteps 242
reward 83.25 timesteps 177
reward -22.350000000000033 timesteps 242
reward 77.24999999999993 timesteps 235
reward -23.650000000000045 timesteps 242
reward -22.350000000000055 timesteps 242
reward -22.400000000000066 timesteps 242
reward -23.600000000000055 timesteps 242
reward -22.250000000000064 timesteps 242
reward -24.100000000000016 timesteps 199
reward -23.350000000000048 timesteps 242
reward -23.250000000000064 timesteps 242
reward 86.00000000000001 timesteps 147
reward -23.40000000000006 timesteps 242
reward -22.80000000000006 timesteps 242
reward -23.20000000000008 timesteps 242
reward -23.400000000000066 timesteps 242
reward -23.300000000000058 timesteps 242
reward -22.65000000000006 timesteps 242
reward -22.500000000000064 timesteps 242
reward -22.45000000000006 timesteps 242
reward -23.650000000000066 timesteps 242
reward -7.4 timesteps 25
reward -22.70000000000006 timesteps 242
reward -22.90000000000006 timesteps 242
reward -23.05000000000007 timesteps 242
reward -22.450000000000042 timesteps 242
reward -23.250000000000064 timesteps 242
reward -23.000000000000064 timesteps 242
reward -22.75000000000006 timesteps 242
reward -22.700000000000074 timesteps 242
reward -23.450000000000067 timesteps 242
reward -23.550000000000054 timesteps 242
reward -23.050000000000058 timesteps 242
reward -24.45000000000007 timesteps 242
reward -12.89999999999999 timesteps 84
reward -22.850000000000062 timesteps 242
reward -22.75000000000007 timesteps 242
reward -23.550000000000065 timesteps 242
reward 84.35000000000002 timesteps 167
reward -24.00000000000007 timesteps 242
reward -24.000000000000057 timesteps 242
reward -22.90000000000004 timesteps 242
reward -23.000000000000075 timesteps 242
reward -22.80000000000006 timesteps 242
reward -22.850000000000048 timesteps 242
reward -23.40000000000008 timesteps 242
reward -23.25000000000007 timesteps 242
reward -23.050000000000068 timesteps 242
reward -22.700000000000067 timesteps 242
reward -23.150000000000073 timesteps 242
reward -23.45000000000006 timesteps 242
reward -23.500000000000057 timesteps 242
reward -23.100000000000048 timesteps 242
reward -23.500000000000046 timesteps 242
reward -23.15000000000007 timesteps 242
reward -22.90000000000005 timesteps 242
reward -22.400000000000073 timesteps 242
reward -23.700000000000074 timesteps 242
reward -22.550000000000054 timesteps 242
reward -23.35000000000005 timesteps 242
reward -22.900000000000077 timesteps 242
reward -22.750000000000064 timesteps 242
reward 78.94999999999996 timesteps 228
reward -9.499999999999998 timesteps 48
reward 86.50000000000001 timesteps 150
reward -22.80000000000007 timesteps 242
reward -22.900000000000066 timesteps 242
reward -22.950000000000045 timesteps 242
reward 88.50000000000001 timesteps 129
reward -22.200000000000053 timesteps 242
reward -23.35000000000007 timesteps 242
reward -14.449999999999989 timesteps 99
reward -22.95000000000005 timesteps 242
reward -22.700000000000056 timesteps 242
reward -23.350000000000062 timesteps 242
reward -23.75000000000005 timesteps 242
reward -22.75000000000007 timesteps 242
reward -23.35000000000006 timesteps 242
reward -23.550000000000068 timesteps 242
reward -22.350000000000037 timesteps 242
reward -21.550000000000065 timesteps 242
reward 82.7 timesteps 181
reward -23.15000000000007 timesteps 242
reward -22.90000000000005 timesteps 242
reward 80.54999999999997 timesteps 207
reward -22.950000000000063 timesteps 242
reward -23.050000000000043 timesteps 242
reward 90.9 timesteps 98
reward -22.350000000000065 timesteps 242
reward -23.300000000000058 timesteps 242
reward -22.55000000000005 timesteps 242
reward -9.100000000000001 timesteps 41
reward -24.000000000000053 timesteps 242
reward -23.450000000000063 timesteps 242
reward -23.15000000000004 timesteps 242
reward -23.650000000000073 timesteps 242
reward -22.65000000000006 timesteps 242
reward -22.15000000000006 timesteps 242
reward -22.90000000000007 timesteps 242
reward -23.250000000000057 timesteps 242
reward -23.200000000000067 timesteps 242
reward -22.550000000000047 timesteps 242
reward -22.800000000000065 timesteps 242
reward 83.45000000000002 timesteps 180
reward -23.700000000000053 timesteps 242
reward 76.89999999999995 timesteps 237
reward -23.150000000000066 timesteps 242
reward -23.450000000000042 timesteps 242
reward -22.950000000000063 timesteps 242
reward -23.200000000000067 timesteps 242
reward -23.650000000000066 timesteps 242
reward -24.000000000000064 timesteps 242
reward -23.850000000000076 timesteps 242
reward -23.500000000000068 timesteps 242
reward -23.400000000000034 timesteps 242
reward -22.65000000000006 timesteps 242
reward -23.00000000000007 timesteps 242
reward -13.89999999999999 timesteps 90
reward -22.85000000000007 timesteps 242
reward -23.600000000000076 timesteps 242
reward -23.350000000000072 timesteps 242
reward -22.250000000000043 timesteps 242
reward -22.900000000000052 timesteps 242
reward -22.450000000000056 timesteps 242
reward -6.45 timesteps 17
reward -22.750000000000057 timesteps 242
reward -22.600000000000065 timesteps 242
reward -23.350000000000065 timesteps 242
reward -22.150000000000066 timesteps 242
reward -22.400000000000055 timesteps 242
reward -23.150000000000002 timesteps 191
reward -23.000000000000075 timesteps 242
reward -23.800000000000082 timesteps 242
reward -23.100000000000044 timesteps 242
reward -23.050000000000065 timesteps 242
reward -22.60000000000007 timesteps 242
reward -23.150000000000063 timesteps 242
reward -21.800000000000068 timesteps 242
reward -23.200000000000067 timesteps 242
reward -22.850000000000072 timesteps 242
reward -23.700000000000042 timesteps 242
reward -22.850000000000062 timesteps 242
reward -23.100000000000055 timesteps 242
reward -22.800000000000065 timesteps 242
reward -23.200000000000067 timesteps 242
reward -22.70000000000005 timesteps 242
reward -23.250000000000053 timesteps 242
reward -22.850000000000055 timesteps 242
reward -23.000000000000068 timesteps 242
reward -23.50000000000006 timesteps 242
reward -23.300000000000054 timesteps 242
reward -22.30000000000005 timesteps 242
reward -6.3 timesteps 15
reward -5.5 timesteps 5
reward 79.19999999999996 timesteps 214
reward -22.90000000000006 timesteps 242
reward -22.550000000000082 timesteps 242
reward -18.59999999999998 timesteps 144
reward -22.400000000000066 timesteps 242
reward -22.800000000000068 timesteps 242
reward -23.15000000000006 timesteps 242
reward -23.550000000000058 timesteps 242
reward -22.90000000000006 timesteps 242
reward -22.95000000000006 timesteps 242
reward -22.250000000000068 timesteps 242
reward -23.100000000000055 timesteps 242
reward -23.100000000000072 timesteps 242
reward -22.90000000000006 timesteps 242
reward -23.10000000000005 timesteps 242
reward -22.80000000000007 timesteps 242
reward -23.55000000000006 timesteps 242
reward -22.750000000000057 timesteps 242
reward -23.50000000000007 timesteps 242
reward -22.950000000000063 timesteps 242
reward -21.399999999999988 timesteps 178
reward -23.100000000000065 timesteps 242
reward -23.100000000000065 timesteps 242
reward -23.15000000000006 timesteps 242
reward -22.950000000000045 timesteps 242
reward -22.650000000000045 timesteps 242
reward -23.100000000000072 timesteps 242
reward -22.950000000000063 timesteps 242
reward -15.449999999999987 timesteps 111
reward -22.75000000000007 timesteps 242
reward -23.100000000000048 timesteps 242
reward -23.35000000000007 timesteps 242
reward 85.35000000000002 timesteps 153
reward -22.750000000000046 timesteps 242
reward -22.85000000000007 timesteps 242
reward -23.150000000000063 timesteps 242
reward -23.200000000000053 timesteps 242
reward -22.750000000000068 timesteps 242
reward -23.150000000000055 timesteps 242
reward -22.650000000000063 timesteps 242
reward 86.65000000000002 timesteps 145
reward -23.800000000000065 timesteps 242
reward -22.700000000000056 timesteps 242
reward -10.649999999999995 timesteps 56
reward -22.550000000000054 timesteps 242
reward 80.99999999999999 timesteps 205
reward -22.65000000000006 timesteps 242
reward -23.100000000000076 timesteps 242
reward -23.60000000000006 timesteps 242
reward -23.300000000000086 timesteps 242
reward -21.70000000000006 timesteps 242
reward -22.70000000000007 timesteps 242
reward -22.550000000000065 timesteps 242
reward -23.00000000000006 timesteps 242
reward -22.900000000000073 timesteps 242
reward -23.10000000000007 timesteps 242
reward -22.950000000000056 timesteps 242
reward -22.850000000000076 timesteps 242
reward -22.90000000000006 timesteps 242
reward -22.90000000000007 timesteps 242
reward -24.65000000000003 timesteps 210
reward -22.750000000000053 timesteps 242
reward -23.200000000000053 timesteps 242
reward -23.65000000000005 timesteps 242
reward 78.94999999999996 timesteps 218
reward -22.900000000000055 timesteps 242
reward -23.15000000000006 timesteps 242
reward -22.950000000000056 timesteps 242
reward -22.950000000000063 timesteps 242
reward -23.35000000000008 timesteps 242
reward -8.4 timesteps 36
reward -23.250000000000068 timesteps 242
reward -23.500000000000064 timesteps 242
reward -23.300000000000065 timesteps 242
reward -22.500000000000068 timesteps 242
reward -22.900000000000052 timesteps 242
reward -22.600000000000062 timesteps 242
reward -22.350000000000055 timesteps 242
reward -23.50000000000008 timesteps 242
reward -22.600000000000048 timesteps 242
reward 84.05000000000001 timesteps 171
reward -22.350000000000065 timesteps 242
reward -23.050000000000068 timesteps 242
reward -22.60000000000007 timesteps 242
reward -23.000000000000075 timesteps 242
reward -22.95000000000007 timesteps 242
reward -23.250000000000053 timesteps 242
reward -22.550000000000065 timesteps 242
reward -23.000000000000053 timesteps 242
reward -22.50000000000007 timesteps 242
reward -23.10000000000007 timesteps 242
reward -22.750000000000064 timesteps 242
reward -22.85000000000005 timesteps 242
reward 78.74999999999997 timesteps 225
reward -23.10000000000005 timesteps 242
reward -23.200000000000067 timesteps 242
reward -23.10000000000006 timesteps 242
reward -22.90000000000007 timesteps 242
reward -22.60000000000006 timesteps 242
reward -23.650000000000066 timesteps 242
reward -22.950000000000085 timesteps 242
reward -23.600000000000044 timesteps 242
reward 89.45000000000002 timesteps 113
reward -23.25000000000005 timesteps 242
reward 85.50000000000001 timesteps 161
reward -22.850000000000055 timesteps 242
reward -22.85000000000007 timesteps 242
reward -23.850000000000072 timesteps 242
reward -22.750000000000057 timesteps 242
reward 86.60000000000002 timesteps 141
reward -22.20000000000007 timesteps 242
reward -10.499999999999996 timesteps 59
reward -23.300000000000054 timesteps 242
reward -23.350000000000048 timesteps 242
reward -22.800000000000047 timesteps 242
reward -5.1 timesteps 1
reward 82.4 timesteps 185
reward -23.050000000000065 timesteps 242
reward -11.599999999999994 timesteps 70
reward -22.800000000000068 timesteps 242
reward -22.95000000000008 timesteps 242
reward -23.65000000000006 timesteps 242
reward -22.80000000000005 timesteps 242
reward -23.350000000000055 timesteps 242
reward -22.95000000000006 timesteps 242
reward -22.85000000000004 timesteps 242
reward -22.750000000000078 timesteps 242
reward -23.650000000000055 timesteps 242
reward -23.000000000000064 timesteps 242
reward -22.800000000000058 timesteps 242
reward -22.250000000000068 timesteps 242
reward -17.849999999999987 timesteps 133
reward -22.70000000000007 timesteps 242
reward -22.850000000000062 timesteps 242
reward -12.599999999999993 timesteps 79
reward -23.20000000000007 timesteps 242
reward -22.850000000000065 timesteps 242
reward -23.250000000000053 timesteps 242
reward 86.80000000000001 timesteps 144
reward -22.450000000000045 timesteps 242
reward -22.650000000000066 timesteps 242
reward -22.750000000000064 timesteps 242
reward -22.150000000000063 timesteps 242
reward -23.350000000000055 timesteps 242
reward -23.100000000000055 timesteps 242
reward -22.600000000000055 timesteps 242
reward -23.05000000000007 timesteps 242
reward -22.750000000000078 timesteps 242
reward -22.35000000000006 timesteps 242
reward 86.55000000000001 timesteps 142
reward -23.15000000000005 timesteps 242
reward -22.80000000000006 timesteps 242
reward 83.95000000000002 timesteps 171
reward -23.600000000000048reward -23.150000000000066 timesteps 242
reward -23.10000000000007 timesteps 242
reward -23.450000000000067 timesteps 242
reward -23.100000000000055 timesteps 242
reward -22.450000000000067 timesteps 242
reward -22.450000000000067 timesteps 242
reward -23.30000000000007 timesteps 242
reward -22.850000000000055 timesteps 242
reward -23.050000000000058 timesteps 242
reward 84.00000000000001 timesteps 174
reward -23.20000000000006 timesteps 242
reward -21.39999999999998 timesteps 174
reward -23.000000000000068 timesteps 242
reward -22.850000000000076 timesteps 242
reward -22.500000000000053 timesteps 242
reward -23.40000000000006 timesteps 242
reward -23.400000000000063 timesteps 242
reward -23.500000000000064 timesteps 242
reward -12.09999999999999 timesteps 77
reward 87.95000000000002 timesteps 130
reward -22.900000000000066 timesteps 242
reward -23.70000000000007 timesteps 242
reward -23.45000000000007 timesteps 242
reward -23.050000000000058 timesteps 242
reward -22.45000000000006 timesteps 242
reward -23.050000000000058 timesteps 242
reward -10.0 timesteps 55
reward -23.750000000000078 timesteps 242
reward -23.45000000000008 timesteps 242
reward -22.80000000000006 timesteps 242
reward -22.95000000000005 timesteps 242
reward -23.000000000000064 timesteps 242
reward -22.850000000000062 timesteps 242
reward -22.80000000000004 timesteps 242
reward -23.65000000000007 timesteps 242
reward -22.75000000000007 timesteps 242
reward -22.600000000000062 timesteps 242
reward -22.95000000000007 timesteps 242
reward -22.65000000000006 timesteps 242
reward -23.00000000000005 timesteps 242
reward -22.750000000000057 timesteps 242
reward -23.350000000000062 timesteps 242
reward -23.25000000000006 timesteps 242
reward -23.10000000000006 timesteps 242
reward -6.65 timesteps 17
reward -22.45000000000006 timesteps 242
reward -22.950000000000063 timesteps 242
reward -23.00000000000006 timesteps 242
reward -22.800000000000068 timesteps 242
reward -23.20000000000005 timesteps 242
reward -22.80000000000005 timesteps 242
reward -23.150000000000052 timesteps 242
reward -23.65000000000006 timesteps 242
reward -23.800000000000065 timesteps 242
reward -9.2 timesteps 46
reward -22.600000000000062 timesteps 242
reward -23.05000000000005 timesteps 242
reward -23.500000000000064 timesteps 242
reward -22.600000000000062 timesteps 242
reward -22.85000000000007 timesteps 242
reward -22.850000000000072 timesteps 242
reward -23.000000000000064 timesteps 242
reward -22.80000000000007 timesteps 242
reward -22.500000000000057 timesteps 242
reward -23.05000000000006 timesteps 242
reward -22.750000000000046 timesteps 242
reward -22.80000000000004 timesteps 242
reward -22.25000000000008 timesteps 242
reward -23.200000000000045 timesteps 242
reward -22.850000000000062 timesteps 242
reward -22.75000000000006 timesteps 242
reward -23.700000000000067 timesteps 242
reward -22.50000000000007 timesteps 242
reward -22.80000000000006 timesteps 242
reward -23.350000000000048 timesteps 242
reward -22.05000000000004 timesteps 242
reward -22.45000000000006 timesteps 242
reward -23.350000000000026 timesteps 242
reward -23.050000000000058 timesteps 242
reward -10.149999999999997 timesteps 56
reward -22.85000000000006 timesteps 242
reward -23.55000000000006 timesteps 242
reward -9.200000000000001 timesteps 44
reward -22.600000000000065 timesteps 242
reward -22.65000000000005 timesteps 242
reward -22.650000000000055 timesteps 242
reward -23.80000000000006 timesteps 242
reward -23.050000000000068 timesteps 242
reward -22.700000000000053 timesteps 242
reward -23.70000000000004 timesteps 242
reward -23.200000000000067 timesteps 242
reward -7.550000000000001 timesteps 28
reward -7.0 timesteps 20
reward -22.80000000000005 timesteps 242
reward -22.15000000000007 timesteps 242
reward -22.95000000000007 timesteps 242
reward -23.40000000000005 timesteps 242
reward -23.250000000000057 timesteps 242
reward -22.700000000000056 timesteps 242
reward 80.19999999999997 timesteps 215
reward -23.30000000000008 timesteps 242
reward -22.900000000000066 timesteps 242
reward -22.00000000000006 timesteps 242
reward -23.850000000000072 timesteps 242
reward -23.450000000000056 timesteps 242
reward -24.100000000000062 timesteps 242
reward -22.550000000000054 timesteps 242
reward -24.900000000000023 timesteps 214
reward -22.40000000000006 timesteps 242
reward -23.000000000000053 timesteps 242
reward -23.00000000000007 timesteps 242
reward -9.7 timesteps 49
reward -17.44999999999999 timesteps 136
reward -23.20000000000007 timesteps 242
reward -22.900000000000055 timesteps 242
reward -8.0 timesteps 31
reward -23.300000000000065 timesteps 242
reward -23.400000000000077 timesteps 242
reward -22.80000000000004 timesteps 242
reward -23.300000000000043 timesteps 242
reward -23.35000000000007 timesteps 242
reward -23.05000000000006 timesteps 242
reward -22.90000000000004 timesteps 242
reward -22.400000000000063 timesteps 242
reward -23.55000000000003 timesteps 242
reward -23.30000000000007 timesteps 242
reward -23.450000000000074 timesteps 242
reward -23.150000000000066 timesteps 242
reward 92.4 timesteps 86
reward -22.900000000000077 timesteps 242
reward -22.15000000000004 timesteps 242
reward -23.00000000000005 timesteps 242
reward -22.000000000000064 timesteps 242
reward -22.100000000000065 timesteps 242
reward 81.89999999999999 timesteps 197
reward -6.1 timesteps 12
reward -22.700000000000056 timesteps 242
reward -23.000000000000064 timesteps 242
reward -23.050000000000047 timesteps 242
reward -23.100000000000062 timesteps 242
reward -22.85000000000006 timesteps 242
reward -23.300000000000065 timesteps 242
reward -23.950000000000074 timesteps 242
reward -22.150000000000052 timesteps 242
reward -22.50000000000007 timesteps 242
reward -23.300000000000047 timesteps 242
reward -23.300000000000043 timesteps 242
reward -22.850000000000072 timesteps 242
reward -24.350000000000055 timesteps 242
reward -22.700000000000056 timesteps 242
reward -23.550000000000047 timesteps 242
reward -22.70000000000006 timesteps 242
reward -23.000000000000057 timesteps 242
reward -23.350000000000048 timesteps 242
reward -23.20000000000005 timesteps 242
reward -23.300000000000058 timesteps 242
reward -22.550000000000075 timesteps 242
reward -23.250000000000057 timesteps 242
reward -23.400000000000045 timesteps 242
reward -23.30000000000007 timesteps 242
reward -23.300000000000058 timesteps 242
reward -23.20000000000006 timesteps 242
reward -23.15000000000006 timesteps 242
reward -17.89999999999998 timesteps 142
reward -22.400000000000055 timesteps 242
reward -22.70000000000006 timesteps 242
reward -23.150000000000066 timesteps 242
reward -23.350000000000065 timesteps 242
reward -23.400000000000066 timesteps 242
reward -22.90000000000006 timesteps 242
reward -23.250000000000053 timesteps 242
reward -22.600000000000065 timesteps 242
reward -23.350000000000072 timesteps 242
reward -23.150000000000063 timesteps 242
reward -22.600000000000076 timesteps 242
reward -22.900000000000063 timesteps 242
reward -22.80000000000006 timesteps 242
reward -23.250000000000046 timesteps 242
reward 83.10000000000001 timesteps 183
reward -22.90000000000006 timesteps 242
reward -23.950000000000077 timesteps 242
reward -22.850000000000076 timesteps 242
reward -22.800000000000058 timesteps 242
reward -22.600000000000065 timesteps 242
reward -23.100000000000062 timesteps 242
reward -23.05000000000006 timesteps 242
reward -22.900000000000073 timesteps 242
reward -22.95000000000006 timesteps 242
reward -9.999999999999998 timesteps 53
reward 82.95 timesteps 180
reward -22.850000000000055 timesteps 242
reward 78.44999999999996 timesteps 228
reward -22.450000000000067 timesteps 242
reward -23.05000000000007 timesteps 242
reward -22.55000000000005 timesteps 242
reward -22.900000000000055 timesteps 242
reward -27.200000000000045 timesteps 236
reward -22.450000000000063 timesteps 242
reward -23.30000000000004 timesteps 242
reward -23.350000000000062 timesteps 242
reward -22.60000000000006 timesteps 242
reward -23.40000000000005 timesteps 242
reward -22.600000000000055 timesteps 242
reward -23.450000000000063 timesteps 242
reward -22.850000000000062 timesteps 242
reward 82.45 timesteps 191reward -22.500000000000057 timesteps 242
reward -22.85000000000007 timesteps 242
reward -22.65000000000006 timesteps 242
reward -23.15000000000007 timesteps 242
reward -22.900000000000055 timesteps 242
reward -24.050000000000068 timesteps 242
reward -23.300000000000065 timesteps 242
reward -22.750000000000068 timesteps 242
reward -22.850000000000055 timesteps 242
reward -23.100000000000072 timesteps 242
reward -18.29999999999999 timesteps 144
reward -22.750000000000064 timesteps 242
reward -23.70000000000006 timesteps 242
reward -23.550000000000065 timesteps 242
reward -22.900000000000063 timesteps 242
reward -23.250000000000075 timesteps 242
reward -22.55000000000007 timesteps 242
reward -22.350000000000072 timesteps 242
reward -22.900000000000066 timesteps 242
reward -22.30000000000007 timesteps 242
reward -23.050000000000058 timesteps 242
reward -23.050000000000058 timesteps 242
reward -22.850000000000048 timesteps 242
reward -24.100000000000065 timesteps 242
reward -23.300000000000065 timesteps 242
reward -5.85 timesteps 9
reward -22.550000000000058 timesteps 242
reward -22.500000000000068 timesteps 242
reward -23.500000000000068 timesteps 242
reward -22.300000000000065 timesteps 242
reward -23.700000000000045 timesteps 242
reward -22.900000000000055 timesteps 242
reward -22.950000000000067 timesteps 242
reward -22.500000000000064 timesteps 242
reward 84.30000000000001 timesteps 164
reward -22.950000000000063 timesteps 242
reward -22.650000000000066 timesteps 242
reward -22.950000000000053 timesteps 242
reward -23.050000000000058 timesteps 242
reward -22.300000000000065 timesteps 242
reward -23.25000000000005 timesteps 242
reward -27.600000000000055 timesteps 239
reward -23.55000000000007 timesteps 242
reward -22.400000000000063 timesteps 242
reward -22.550000000000054 timesteps 242
reward -22.900000000000055 timesteps 242
reward -22.85000000000006 timesteps 242
reward -23.500000000000053 timesteps 242
reward -22.950000000000067 timesteps 242
reward -23.650000000000052 timesteps 242
reward -22.550000000000065 timesteps 242
reward -22.200000000000053 timesteps 242
reward -23.050000000000065 timesteps 242
reward -22.550000000000058 timesteps 242
reward -23.600000000000065 timesteps 242
reward -23.350000000000062 timesteps 242
reward -23.200000000000063 timesteps 242
reward -22.40000000000006 timesteps 242
reward -23.950000000000045 timesteps 242
reward 86.60000000000002 timesteps 145
reward -6.15 timesteps 12
reward -23.250000000000057 timesteps 242
reward -22.950000000000053 timesteps 242
reward -22.600000000000055 timesteps 242
reward -22.700000000000053 timesteps 242
reward -22.750000000000046 timesteps 242
reward -23.050000000000075 timesteps 242
reward -23.300000000000068 timesteps 242
reward -22.600000000000062 timesteps 242
reward -23.600000000000055 timesteps 242
reward -22.35000000000008 timesteps 242
reward -23.450000000000067 timesteps 242
reward -22.80000000000006 timesteps 242
reward -13.999999999999988 timesteps 93
reward -23.15000000000005 timesteps 242
reward -22.650000000000052 timesteps 242
reward -23.200000000000067 timesteps 242
reward -23.100000000000048 timesteps 242
reward -22.800000000000068 timesteps 242
reward -22.15000000000005 timesteps 242
reward -22.750000000000057 timesteps 242
reward -22.800000000000047 timesteps 242
reward -23.550000000000054 timesteps 242
reward -22.400000000000063 timesteps 242
reward -22.50000000000007 timesteps 242
reward -22.95000000000005 timesteps 242
reward -23.600000000000048 timesteps 242
reward -22.600000000000062 timesteps 242
reward -23.150000000000073 timesteps 242
reward -22.450000000000067 timesteps 242
reward -23.100000000000065 timesteps 242
reward -23.30000000000008 timesteps 242
reward -22.500000000000053 timesteps 242
reward -23.65000000000007 timesteps 242
reward -22.600000000000055 timesteps 242
reward -23.25000000000007 timesteps 242
reward -22.40000000000007 timesteps 242
reward -22.250000000000046 timesteps 242
reward -22.70000000000006 timesteps 242
reward -9.650000000000002 timesteps 47
reward -22.950000000000074 timesteps 242
reward -22.90000000000006 timesteps 242
reward -9.3 timesteps 48
reward -22.45000000000003 timesteps 242
reward -22.250000000000057 timesteps 242
reward -23.20000000000006 timesteps 242
reward -23.250000000000068 timesteps 242
reward -22.700000000000067 timesteps 242
reward -22.55000000000005 timesteps 242
reward 79.69999999999996 timesteps 212
reward 81.25 timesteps 196
reward 82.0 timesteps 197
reward -23.150000000000063 timesteps 242
reward -23.300000000000068 timesteps 242
reward -23.350000000000055 timesteps 242
reward -22.60000000000006 timesteps 242
reward -22.800000000000068 timesteps 242
reward -23.250000000000053 timesteps 242
reward -22.650000000000052 timesteps 242
reward 86.95000000000002 timesteps 144
reward 83.90000000000002 timesteps 172
reward -23.25000000000006 timesteps 242
reward -23.15000000000007 timesteps 242
reward -23.00000000000007 timesteps 242
reward -22.55000000000004 timesteps 242
reward -23.15000000000007 timesteps 242
reward 88.95000000000002 timesteps 123
reward -23.350000000000065 timesteps 242
reward -17.899999999999977 timesteps 134
reward -22.60000000000005 timesteps 242
reward -23.200000000000056 timesteps 242
reward -6.65 timesteps 17
reward -22.700000000000053 timesteps 242
reward -23.000000000000043 timesteps 242
reward 89.10000000000001 timesteps 118
reward -23.450000000000088 timesteps 242
reward -23.200000000000053 timesteps 242
reward -22.550000000000058 timesteps 242
reward -23.150000000000087 timesteps 242
reward -23.40000000000005 timesteps 242
reward -22.65000000000005 timesteps 242
reward -23.15000000000005 timesteps 242
reward -6.5 timesteps 17
reward -22.45000000000006 timesteps 242
reward -23.150000000000045 timesteps 242
reward -23.050000000000036 timesteps 242
reward -23.20000000000006 timesteps 242
reward -10.299999999999997 timesteps 56
reward -22.800000000000058 timesteps 242
reward -22.800000000000068 timesteps 242
reward -23.100000000000062 timesteps 242
reward -23.05000000000007 timesteps 242
reward -22.950000000000067 timesteps 242
reward -23.600000000000062 timesteps 242
reward -22.95000000000006 timesteps 242
reward -22.900000000000052 timesteps 242
reward -6.8500000000000005 timesteps 20
reward -23.000000000000057 timesteps 242
reward -22.300000000000054 timesteps 242
reward -23.400000000000066 timesteps 242
reward -22.40000000000005 timesteps 242
reward -22.75000000000005 timesteps 242
reward -22.700000000000067 timesteps 242
reward 84.70000000000002 timesteps 160
reward -22.900000000000066 timesteps 242
reward -22.500000000000068 timesteps 242
reward -19.19999999999998 timesteps 148
reward -23.05000000000006 timesteps 242
reward -22.95000000000006 timesteps 242
reward -22.450000000000045 timesteps 242
reward -22.500000000000064 timesteps 242
reward -23.050000000000058 timesteps 242
reward 79.74999999999997 timesteps 213
reward -23.050000000000068 timesteps 242
reward -23.000000000000057 timesteps 242
reward -23.200000000000045 timesteps 242
reward -23.850000000000076 timesteps 242
reward -23.80000000000006 timesteps 242
reward -9.25 timesteps 42
reward -23.70000000000005 timesteps 242
reward -22.600000000000072 timesteps 242
reward -23.00000000000007 timesteps 242
reward -23.25000000000006 timesteps 242
reward -23.100000000000055 timesteps 242
reward -23.150000000000066 timesteps 242
reward -12.049999999999994 timesteps 77
reward -23.00000000000006 timesteps 242
reward -23.250000000000053 timesteps 242
reward -22.35000000000007 timesteps 242
reward 79.49999999999997 timesteps 214
reward -22.60000000000004 timesteps 242
reward -22.750000000000053 timesteps 242
reward -23.15000000000006 timesteps 242
reward -23.35000000000005 timesteps 242
reward -22.800000000000065 timesteps 242
reward -23.05000000000005 timesteps 242
reward -22.950000000000063 timesteps 242
reward 77.44999999999993 timesteps 241
reward -22.65000000000005 timesteps 242
reward -22.250000000000046 timesteps 242
reward -23.15000000000006 timesteps 242
reward -5.0 timesteps 0
reward -23.65000000000003 timesteps 242
reward -23.20000000000004 timesteps 242
reward -23.050000000000058 timesteps 242
reward -22.35000000000005reward -23.50000000000007 timesteps 242
reward -22.90000000000006 timesteps 242
reward -27.650000000000038 timesteps 239
reward -5.7 timesteps 9
reward -23.100000000000055 timesteps 242
reward -23.25000000000007 timesteps 242
reward -22.90000000000007 timesteps 242
reward -22.450000000000063 timesteps 242
reward -23.500000000000075 timesteps 242
reward -23.050000000000068 timesteps 242
reward -23.500000000000068 timesteps 242
reward -22.60000000000005 timesteps 242
reward 86.15000000000002 timesteps 148
reward -23.45000000000006 timesteps 242
reward -23.25000000000006 timesteps 242
reward -23.050000000000058 timesteps 242
reward -22.550000000000054 timesteps 242
reward -22.90000000000006 timesteps 242
reward -22.800000000000058 timesteps 242
reward -23.400000000000066 timesteps 242
reward -23.00000000000008 timesteps 242
reward -22.50000000000006 timesteps 242
reward -23.60000000000008 timesteps 242
reward -23.550000000000068 timesteps 242
reward -23.10000000000006 timesteps 242
reward -22.85000000000006 timesteps 242
reward -22.700000000000063 timesteps 242
reward -23.000000000000078 timesteps 242
reward -8.0 timesteps 28
reward -23.10000000000005 timesteps 242
reward -22.750000000000064 timesteps 242
reward -23.400000000000045 timesteps 242
reward -22.900000000000045 timesteps 242
reward -22.800000000000065 timesteps 242
reward -24.75000000000002 timesteps 209
reward -22.850000000000065 timesteps 242
reward -22.80000000000006 timesteps 242
reward -5.05 timesteps 1
reward -23.300000000000065 timesteps 242
reward -22.550000000000065 timesteps 242
reward -23.850000000000065 timesteps 242
reward -23.200000000000063 timesteps 242
reward -22.700000000000042 timesteps 242
reward -22.30000000000006 timesteps 242
reward -23.250000000000046 timesteps 242
reward -23.20000000000006 timesteps 242
reward 80.04999999999997 timesteps 217
reward -23.650000000000034 timesteps 242
reward -23.30000000000007 timesteps 242
reward -22.600000000000065 timesteps 242
reward -23.20000000000006 timesteps 242
reward -22.750000000000053 timesteps 242
reward -22.700000000000074 timesteps 242
reward -22.20000000000005 timesteps 242
reward -21.800000000000065 timesteps 242
reward -8.600000000000001 timesteps 37
reward -22.500000000000068 timesteps 242
reward -22.650000000000055 timesteps 242
reward -22.15000000000005 timesteps 242
reward -22.750000000000064 timesteps 242
reward -14.049999999999994 timesteps 93
reward -23.55000000000006 timesteps 242
reward -22.750000000000053 timesteps 242
reward -23.10000000000007 timesteps 242
reward -23.700000000000045 timesteps 242
reward -22.95000000000006 timesteps 242
reward -22.60000000000006 timesteps 242
reward -22.350000000000087 timesteps 242
reward -23.500000000000025 timesteps 242
reward -22.500000000000064 timesteps 242
reward -22.85000000000006 timesteps 242
reward -22.55000000000006 timesteps 242
reward -23.10000000000006 timesteps 242
reward -22.200000000000063 timesteps 242
reward 88.25 timesteps 123
reward -23.100000000000062 timesteps 242
reward -23.000000000000057 timesteps 242
reward -23.050000000000054 timesteps 242
reward -22.750000000000053 timesteps 242
reward -23.10000000000005 timesteps 242
reward -22.850000000000065 timesteps 242
reward -23.000000000000075 timesteps 242
reward -22.300000000000054 timesteps 242
reward -23.400000000000055 timesteps 242
reward -23.450000000000063 timesteps 242
reward -23.000000000000053 timesteps 242
reward -24.150000000000027 timesteps 242
reward -22.900000000000055 timesteps 242
reward -23.600000000000065 timesteps 242
reward -23.050000000000075 timesteps 242
reward -23.050000000000054 timesteps 242
reward -22.400000000000063 timesteps 242
reward -22.900000000000055 timesteps 242
reward -23.000000000000078 timesteps 242
reward -23.750000000000064 timesteps 242
reward -23.05000000000008 timesteps 242
reward -23.50000000000006 timesteps 242
reward -23.15000000000007 timesteps 242
reward -23.150000000000055 timesteps 242
reward -23.50000000000005 timesteps 242
reward -23.250000000000053 timesteps 242
reward -23.200000000000053 timesteps 242
reward -22.850000000000062 timesteps 242
reward -22.60000000000006 timesteps 242
reward -22.950000000000063 timesteps 242
reward 89.15000000000002 timesteps 114
reward -22.300000000000058 timesteps 242
reward -23.100000000000037 timesteps 242
reward -23.20000000000005 timesteps 242
reward -23.050000000000068 timesteps 242
reward -22.50000000000006 timesteps 242
reward -22.900000000000055 timesteps 242
reward -22.350000000000048 timesteps 242
reward -23.650000000000038 timesteps 242
reward -22.600000000000055 timesteps 242
reward -23.050000000000058 timesteps 242
reward -22.600000000000048 timesteps 242
reward -22.600000000000062 timesteps 242
reward -22.100000000000048 timesteps 242
reward -22.50000000000006 timesteps 242
reward -23.300000000000054 timesteps 242
reward -22.80000000000007 timesteps 242
reward -22.750000000000053 timesteps 242
reward -5.0 timesteps 0
reward -23.250000000000075 timesteps 242
reward 78.44999999999996 timesteps 226
reward -22.55000000000006 timesteps 242
reward -15.299999999999986 timesteps 109
reward -23.200000000000077 timesteps 242
reward 78.89999999999998 timesteps 221
reward -23.20000000000007 timesteps 242
reward -22.800000000000043 timesteps 242
reward -22.700000000000067 timesteps 242
reward -23.250000000000064 timesteps 242
reward -23.300000000000058 timesteps 242
reward -22.550000000000058 timesteps 242
reward -23.100000000000065 timesteps 242
reward -22.850000000000072 timesteps 242
reward -23.250000000000078 timesteps 242
reward 83.95000000000002 timesteps 175
reward -14.54999999999999 timesteps 104
reward -23.200000000000056 timesteps 242
reward 77.99999999999994 timesteps 238
reward -23.15000000000007 timesteps 242
reward -22.950000000000053 timesteps 242
reward -23.00000000000007 timesteps 242
reward -23.800000000000058 timesteps 242
reward -23.40000000000007 timesteps 242
reward -23.400000000000073 timesteps 242
reward -23.25000000000006 timesteps 242
reward -22.700000000000056 timesteps 242
reward -5.9 timesteps 11
reward -23.150000000000055 timesteps 242
reward -22.600000000000044 timesteps 242
reward -23.25000000000007 timesteps 242
reward -23.50000000000004 timesteps 242
reward -23.30000000000005 timesteps 242
reward 78.14999999999995 timesteps 228
reward -24.500000000000053 timesteps 242
reward -23.200000000000067 timesteps 242
reward 78.04999999999995 timesteps 232
reward -22.950000000000053 timesteps 242
reward -5.0 timesteps 0
reward -22.850000000000065 timesteps 242
reward -22.65000000000006 timesteps 242
reward -22.80000000000007 timesteps 242
reward -23.200000000000053 timesteps 242
reward -23.700000000000053 timesteps 242
reward -22.80000000000006 timesteps 242
reward -22.90000000000006 timesteps 242
reward 84.85000000000002 timesteps 162
reward -23.500000000000064 timesteps 242
reward -22.500000000000075 timesteps 242
reward -22.65000000000006 timesteps 242
reward -23.300000000000068 timesteps 242
reward -23.150000000000055 timesteps 242
reward -23.25000000000005 timesteps 242
reward 78.09999999999995 timesteps 240
reward -9.549999999999999 timesteps 50
reward -22.050000000000043 timesteps 242
reward -23.650000000000084 timesteps 242
reward -23.450000000000063 timesteps 242
reward -23.400000000000055 timesteps 242
reward -22.650000000000063 timesteps 242
reward -22.80000000000006 timesteps 242
reward -22.80000000000006 timesteps 242
reward 79.54999999999998 timesteps 209
reward -23.000000000000064 timesteps 242
reward -23.200000000000085 timesteps 242
reward -22.500000000000053 timesteps 242
reward -22.800000000000058 timesteps 242
reward -22.500000000000068 timesteps 242
reward -5.8 timesteps 8
reward -23.00000000000005 timesteps 242
reward -23.500000000000068 timesteps 242
reward -23.35000000000007 timesteps 242
reward -23.000000000000075 timesteps 242
reward 84.50000000000003 timesteps 169
reward -23.400000000000073 timesteps 242
reward -22.85000000000006 timesteps 242
reward -22.65000000000007 timesteps 242
reward -23.000000000000064 timesteps 242
reward -23.100000000000076 timesteps 242
reward -22.900000000000084 timesteps 242
reward -22.650000000000066 timesteps 242
reward -22.60000000000004reward -22.850000000000048 timesteps 242
reward -22.950000000000053 timesteps 242
reward -23.400000000000045 timesteps 242
reward -22.450000000000053 timesteps 242
reward -22.900000000000063 timesteps 242
reward -23.250000000000057 timesteps 242
reward -23.750000000000068 timesteps 242
reward -22.60000000000008 timesteps 242
reward -23.150000000000073 timesteps 242
reward -22.950000000000053 timesteps 242
reward -22.500000000000075 timesteps 242
reward -22.900000000000055 timesteps 242
reward -22.700000000000056 timesteps 242
reward -22.45000000000006 timesteps 242
reward -23.050000000000075 timesteps 242
reward -23.050000000000075 timesteps 242
reward -23.300000000000047 timesteps 242
reward -23.350000000000065 timesteps 242
reward 79.19999999999997 timesteps 226
reward -23.85000000000007 timesteps 242
reward -23.600000000000065 timesteps 242
reward -22.950000000000056 timesteps 242
reward -22.950000000000063 timesteps 242
reward -23.200000000000063 timesteps 242
reward -22.450000000000053 timesteps 242
reward -22.600000000000055 timesteps 242
reward -22.700000000000063 timesteps 242
reward 78.19999999999993 timesteps 234
reward -24.400000000000073 timesteps 242
reward -22.60000000000005 timesteps 242
reward -23.35000000000007 timesteps 242
reward -23.650000000000066 timesteps 242
reward -22.800000000000065 timesteps 242
reward -23.100000000000076 timesteps 242
reward -22.70000000000007 timesteps 242
reward -22.800000000000068 timesteps 242
reward -23.150000000000063 timesteps 242
reward -22.900000000000063 timesteps 242
reward 81.1 timesteps 200
reward -23.000000000000068 timesteps 242
reward -22.950000000000063 timesteps 242
reward -26.00000000000003 timesteps 226
reward -23.05000000000005 timesteps 242
reward -23.600000000000065 timesteps 242
reward -23.45000000000008 timesteps 242
reward -23.55000000000006 timesteps 242
reward 80.34999999999997 timesteps 210
reward -22.50000000000006 timesteps 242
reward -6.9 timesteps 20
reward -23.500000000000053 timesteps 242
reward -22.750000000000053 timesteps 242
reward 78.84999999999995 timesteps 226
reward -22.650000000000052 timesteps 242
reward -23.20000000000006 timesteps 242
reward -22.650000000000063 timesteps 242
reward -22.30000000000006 timesteps 242
reward -23.850000000000044 timesteps 242
reward -22.850000000000055 timesteps 242
reward -22.85000000000005 timesteps 242
reward -23.300000000000068 timesteps 242
reward -23.00000000000007 timesteps 242
reward -22.60000000000007 timesteps 242
reward -23.25000000000006 timesteps 242
reward -23.70000000000006 timesteps 242
reward -22.55000000000007 timesteps 242
reward -23.200000000000063 timesteps 242
reward -22.950000000000074 timesteps 242
reward -22.500000000000064 timesteps 242
reward -22.70000000000007 timesteps 242
reward -22.700000000000074 timesteps 242
reward -22.85000000000006 timesteps 242
reward 94.5 timesteps 61
reward -22.95000000000006 timesteps 242
reward -21.449999999999985 timesteps 179
reward -22.800000000000068 timesteps 242
reward -22.600000000000076 timesteps 242
reward -22.500000000000064 timesteps 242
reward -22.70000000000005 timesteps 242
reward -23.450000000000074 timesteps 242
reward -22.60000000000007 timesteps 242
reward -22.800000000000065 timesteps 242
reward -22.800000000000065 timesteps 242
reward 80.59999999999998 timesteps 208
reward -22.60000000000006 timesteps 242
reward -23.050000000000058 timesteps 242
reward -23.65000000000006 timesteps 242
reward -23.00000000000007 timesteps 242
reward -23.250000000000057 timesteps 242
reward 93.55000000000001 timesteps 71
reward -12.199999999999992 timesteps 74
reward -23.300000000000082 timesteps 242
reward -23.150000000000052 timesteps 242
reward -22.300000000000068 timesteps 242
reward -22.60000000000006 timesteps 242
reward -22.100000000000044 timesteps 242
reward -23.00000000000007 timesteps 242
reward -23.350000000000072 timesteps 242
reward -22.850000000000062 timesteps 242
reward -23.20000000000006 timesteps 242
reward -22.550000000000065 timesteps 242
reward -22.90000000000005 timesteps 242
reward -23.200000000000053 timesteps 242
reward -22.700000000000063 timesteps 242
reward -22.85000000000006 timesteps 242
reward -23.550000000000068 timesteps 242
reward -5.0 timesteps 0
reward -22.50000000000005 timesteps 242
reward -23.350000000000048 timesteps 242
reward -22.950000000000067 timesteps 242
reward -23.500000000000078 timesteps 242
reward -23.250000000000057 timesteps 242
reward -8.400000000000002 timesteps 37
reward -22.85000000000006 timesteps 242
reward 88.95000000000002 timesteps 117
reward -23.400000000000055 timesteps 242
reward -23.400000000000066 timesteps 242
reward -23.400000000000084 timesteps 242
reward 79.89999999999996 timesteps 215
reward -23.05000000000006 timesteps 242
reward -22.300000000000075 timesteps 242
reward -23.300000000000058 timesteps 242
reward -23.050000000000058 timesteps 242
reward -12.59999999999999 timesteps 80
reward -22.70000000000007 timesteps 242
reward -23.150000000000077 timesteps 242
reward -22.75000000000007 timesteps 242
reward -22.50000000000008 timesteps 242
reward -22.450000000000053 timesteps 242
reward 86.45000000000002 timesteps 148
reward -22.95000000000006 timesteps 242
reward -23.200000000000045 timesteps 242
reward -23.10000000000006 timesteps 242
reward 86.9 timesteps 143
reward 77.39999999999995 timesteps 235
reward -23.85000000000009 timesteps 242
reward -22.85000000000006 timesteps 242
reward 77.44999999999993 timesteps 234
reward -23.650000000000073 timesteps 242
reward -23.550000000000068 timesteps 242
reward 77.44999999999996 timesteps 238
reward -23.000000000000046 timesteps 242
reward -22.90000000000006 timesteps 242
reward -5.8 timesteps 9
reward -22.350000000000065 timesteps 242
reward -23.55000000000007 timesteps 242
reward -22.950000000000056 timesteps 242
reward -23.200000000000056 timesteps 242
reward -19.049999999999983 timesteps 144
reward -23.000000000000014 timesteps 186
reward -23.100000000000044 timesteps 242
reward 87.70000000000002 timesteps 134
reward -22.55000000000005 timesteps 242
reward -22.70000000000006 timesteps 242
reward -16.54999999999999 timesteps 127
reward -23.250000000000064 timesteps 242
reward -23.350000000000062 timesteps 242
reward -22.850000000000062 timesteps 242
reward -23.10000000000004 timesteps 242
reward -22.900000000000052 timesteps 242
reward 79.49999999999997 timesteps 217
reward 80.34999999999997 timesteps 214
reward -22.90000000000006 timesteps 242
reward -22.450000000000042 timesteps 242
reward -22.850000000000062 timesteps 242
reward -5.0 timesteps 0
reward -22.550000000000068 timesteps 242
reward -22.800000000000068 timesteps 242
reward -23.500000000000043 timesteps 242
reward -23.250000000000068 timesteps 242
reward -23.10000000000006 timesteps 242
reward -8.7 timesteps 36
reward -22.800000000000068 timesteps 242
reward -22.60000000000005 timesteps 242
reward -23.35000000000007 timesteps 242
reward -23.00000000000007 timesteps 242
reward -23.400000000000052 timesteps 242
reward -22.65000000000004 timesteps 242
reward -23.300000000000065 timesteps 242
reward -22.650000000000052 timesteps 242
reward 92.7 timesteps 78
reward -23.10000000000008 timesteps 242
reward -8.95 timesteps 44
reward -22.50000000000006 timesteps 242
reward -23.150000000000045 timesteps 242
reward -23.000000000000075 timesteps 242
reward 86.85000000000002 timesteps 142
reward -22.650000000000073 timesteps 242
reward -23.050000000000058 timesteps 242
reward 78.49999999999997 timesteps 222
reward -23.300000000000058 timesteps 242
reward -17.549999999999986 timesteps 128
reward -22.250000000000064 timesteps 242
reward -22.950000000000045 timesteps 242
reward -23.300000000000047 timesteps 242
reward -22.350000000000055 timesteps 242
reward -23.25000000000005 timesteps 242
reward -6.45 timesteps 16
reward -23.00000000000007 timesteps 242
reward -23.05000000000005 timesteps 242
reward -22.300000000000068 timesteps 242
reward -22.45000000000006 timesteps 242
reward -22.60000000000004 timesteps 242
reward -22.700000000000063 timesteps 242
reward -22.150000000000055 timesteps 242
reward -23.40000000000006 timesteps 242
reward -23.350000000000048 timesteps 242
reward -23.450000000000063INFO:poet_distributed.poet_algo:Iter=17 Optimizer default_env theta_mean -1.8100000000000456 best po 90.10000000000001 iteration spent 17
INFO:poet_distributed.poet_algo:Iter=18 Optimizer default_env theta_mean -23.310000000000056 best po 89.75000000000001 iteration spent 18
INFO:poet_distributed.poet_algo:Iter=19 Optimizer default_env theta_mean -2.350000000000054 best po 85.85000000000002 iteration spent 19
INFO:poet_distributed.poet_algo:Iter=20 Optimizer default_env theta_mean 26.439999999999998 best po 94.0 iteration spent 20
INFO:poet_distributed.poet_algo:Iter=21 Optimizer default_env theta_mean -22.970000000000063 best po 90.75000000000001 iteration spent 21
INFO:poet_distributed.poet_algo:Iter=22 Optimizer default_env theta_mean -22.950000000000067 best po 86.65 iteration spent 22
